# JRE version: Java(TM) SE Runtime Environment (17.0.1+12) (build 17.0.1+12-LTS-39)
# Java VM: Java HotSpot(TM) 64-Bit Server VM (17.0.1+12-LTS-39, mixed mode, sharing, tiered, compressed oops, compressed class ptrs, g1 gc, windows-amd64)
GC Precious Log:
 CPUs: 4 total, 4 available
 Memory: 4007M
 Large Page Support: Disabled
 NUMA Support: Disabled
 Compressed Oops: Enabled (32-bit)
 Heap Region Size: 1M
 Heap Min Capacity: 8M
 Heap Initial Capacity: 64M
 Heap Max Capacity: 1002M
 Pre-touch: Disabled
 Parallel Workers: 4
 Concurrent Workers: 1
 Concurrent Refinement Workers: 4
 Periodic GC: Disabled
Heap:
 garbage-first heap   total 136192K, used 22453K [0x00000000c1600000, 0x0000000100000000)
  region size 1024K, 6 young (6144K), 2 survivors (2048K)
 Metaspace       used 29614K, committed 29888K, reserved 1081344K
  class space    used 3679K, committed 3776K, reserved 1048576K
GC Heap History (20 events):
Event: 3.429 GC heap before
{Heap before GC invocations=2 (full 0):
 garbage-first heap   total 65536K, used 28967K [0x00000000c1600000, 0x0000000100000000)
  region size 1024K, 18 young (18432K), 1 survivors (1024K)
 Metaspace       used 6249K, committed 6400K, reserved 1056768K
  class space    used 674K, committed 768K, reserved 1048576K
}
Event: 3.433 GC heap after
{Heap after GC invocations=3 (full 0):
 garbage-first heap   total 65536K, used 12041K [0x00000000c1600000, 0x0000000100000000)
  region size 1024K, 1 young (1024K), 1 survivors (1024K)
 Metaspace       used 6249K, committed 6400K, reserved 1056768K
  class space    used 674K, committed 768K, reserved 1048576K
}
Event: 5.037 GC heap before
{Heap before GC invocations=3 (full 0):
 garbage-first heap   total 65536K, used 43785K [0x00000000c1600000, 0x0000000100000000)
  region size 1024K, 32 young (32768K), 1 survivors (1024K)
 Metaspace       used 10042K, committed 10304K, reserved 1064960K
  class space    used 1169K, committed 1280K, reserved 1048576K
}
Event: 5.043 GC heap after
{Heap after GC invocations=4 (full 0):
 garbage-first heap   total 65536K, used 13350K [0x00000000c1600000, 0x0000000100000000)
  region size 1024K, 3 young (3072K), 3 survivors (3072K)
 Metaspace       used 10042K, committed 10304K, reserved 1064960K
  class space    used 1169K, committed 1280K, reserved 1048576K
}
Event: 5.963 GC heap before
{Heap before GC invocations=4 (full 0):
 garbage-first heap   total 65536K, used 43046K [0x00000000c1600000, 0x0000000100000000)
  region size 1024K, 32 young (32768K), 3 survivors (3072K)
 Metaspace       used 12885K, committed 13120K, reserved 1064960K
  class space    used 1564K, committed 1664K, reserved 1048576K
}
Event: 5.970 GC heap after
{Heap after GC invocations=5 (full 0):
 garbage-first heap   total 65536K, used 14735K [0x00000000c1600000, 0x0000000100000000)
  region size 1024K, 4 young (4096K), 4 survivors (4096K)
 Metaspace       used 12885K, committed 13120K, reserved 1064960K
  class space    used 1564K, committed 1664K, reserved 1048576K
}
Event: 8.304 GC heap before
{Heap before GC invocations=5 (full 0):
 garbage-first heap   total 65536K, used 44431K [0x00000000c1600000, 0x0000000100000000)
  region size 1024K, 33 young (33792K), 4 survivors (4096K)
 Metaspace       used 16075K, committed 16320K, reserved 1064960K
  class space    used 2002K, committed 2112K, reserved 1048576K
}
Event: 8.313 GC heap after
{Heap after GC invocations=6 (full 0):
 garbage-first heap   total 65536K, used 15212K [0x00000000c1600000, 0x0000000100000000)
  region size 1024K, 2 young (2048K), 2 survivors (2048K)
 Metaspace       used 16075K, committed 16320K, reserved 1064960K
  class space    used 2002K, committed 2112K, reserved 1048576K
}
Event: 8.904 GC heap before
{Heap before GC invocations=6 (full 0):
 garbage-first heap   total 65536K, used 46956K [0x00000000c1600000, 0x0000000100000000)
  region size 1024K, 34 young (34816K), 2 survivors (2048K)
 Metaspace       used 19017K, committed 19264K, reserved 1073152K
  class space    used 2348K, committed 2432K, reserved 1048576K
}
Event: 8.911 GC heap after
{Heap after GC invocations=7 (full 0):
 garbage-first heap   total 65536K, used 15905K [0x00000000c1600000, 0x0000000100000000)
  region size 1024K, 3 young (3072K), 3 survivors (3072K)
 Metaspace       used 19017K, committed 19264K, reserved 1073152K
  class space    used 2348K, committed 2432K, reserved 1048576K
}
Event: 9.279 GC heap before
{Heap before GC invocations=7 (full 0):
 garbage-first heap   total 65536K, used 40481K [0x00000000c1600000, 0x0000000100000000)
  region size 1024K, 28 young (28672K), 3 survivors (3072K)
 Metaspace       used 21201K, committed 21504K, reserved 1073152K
  class space    used 2583K, committed 2752K, reserved 1048576K
}
Event: 9.292 GC heap after
{Heap after GC invocations=8 (full 0):
 garbage-first heap   total 65536K, used 16684K [0x00000000c1600000, 0x0000000100000000)
  region size 1024K, 4 young (4096K), 4 survivors (4096K)
 Metaspace       used 21201K, committed 21504K, reserved 1073152K
  class space    used 2583K, committed 2752K, reserved 1048576K
}
Event: 9.661 GC heap before
{Heap before GC invocations=9 (full 0):
 garbage-first heap   total 65536K, used 49452K [0x00000000c1600000, 0x0000000100000000)
  region size 1024K, 37 young (37888K), 4 survivors (4096K)
 Metaspace       used 23486K, committed 23808K, reserved 1073152K
  class space    used 2914K, committed 3072K, reserved 1048576K
}
Event: 9.672 GC heap after
{Heap after GC invocations=10 (full 0):
 garbage-first heap   total 65536K, used 18030K [0x00000000c1600000, 0x0000000100000000)
  region size 1024K, 4 young (4096K), 4 survivors (4096K)
 Metaspace       used 23486K, committed 23808K, reserved 1073152K
  class space    used 2914K, committed 3072K, reserved 1048576K
}
Event: 9.680 GC heap before
{Heap before GC invocations=10 (full 0):
 garbage-first heap   total 65536K, used 19054K [0x00000000c1600000, 0x0000000100000000)
  region size 1024K, 6 young (6144K), 4 survivors (4096K)
 Metaspace       used 23572K, committed 23872K, reserved 1073152K
  class space    used 2924K, committed 3072K, reserved 1048576K
}
Event: 9.689 GC heap after
{Heap after GC invocations=11 (full 0):
 garbage-first heap   total 65536K, used 18310K [0x00000000c1600000, 0x0000000100000000)
  region size 1024K, 1 young (1024K), 1 survivors (1024K)
 Metaspace       used 23572K, committed 23872K, reserved 1073152K
  class space    used 2924K, committed 3072K, reserved 1048576K
}
Event: 9.993 GC heap before
{Heap before GC invocations=11 (full 0):
 garbage-first heap   total 65536K, used 49030K [0x00000000c1600000, 0x0000000100000000)
  region size 1024K, 32 young (32768K), 1 survivors (1024K)
 Metaspace       used 26364K, committed 26688K, reserved 1073152K
  class space    used 3248K, committed 3392K, reserved 1048576K
}
Event: 9.996 GC heap after
{Heap after GC invocations=12 (full 0):
 garbage-first heap   total 65536K, used 18490K [0x00000000c1600000, 0x0000000100000000)
  region size 1024K, 1 young (1024K), 1 survivors (1024K)
 Metaspace       used 26364K, committed 26688K, reserved 1073152K
  class space    used 3248K, committed 3392K, reserved 1048576K
}
Event: 12.688 GC heap before
{Heap before GC invocations=12 (full 0):
 garbage-first heap   total 65536K, used 50234K [0x00000000c1600000, 0x0000000100000000)
  region size 1024K, 33 young (33792K), 1 survivors (1024K)
 Metaspace       used 29195K, committed 29440K, reserved 1081344K
  class space    used 3640K, committed 3776K, reserved 1048576K
}
Event: 12.697 GC heap after
{Heap after GC invocations=13 (full 0):
 garbage-first heap   total 136192K, used 19381K [0x00000000c1600000, 0x0000000100000000)
  region size 1024K, 2 young (2048K), 2 survivors (2048K)
 Metaspace       used 29195K, committed 29440K, reserved 1081344K
  class space    used 3640K, committed 3776K, reserved 1048576K
}

